Log file open, 02/14/20 22:26:55
LogWindows: Failed to load 'aqProf.dll' (GetLastError=126)
LogWindows: File 'aqProf.dll' does not exist
LogWindows: Failed to load 'VtuneApi.dll' (GetLastError=126)
LogWindows: File 'VtuneApi.dll' does not exist
LogWindows: Failed to load 'VtuneApi32e.dll' (GetLastError=126)
LogWindows: File 'VtuneApi32e.dll' does not exist
LogConsoleResponse: Display: Failed to find resolution value strings in scalability ini. Falling back to default.
LogInit: Display: Running engine for game: TheTree
LogPakFile: Registered encryption key '00000000000000000000000000000000': 0 pak files mounted, 0 remain pending
LogPlatformFile: Not using cached read wrapper
LogTaskGraph: Started task graph with 5 named threads and 35 total threads with 3 sets of task threads.
LogStats: Stats thread started at 0.406615
LogD3D11RHI: Loaded GFSDK_Aftermath_Lib.x64.dll
LogICUInternationalization: ICU TimeZone Detection - Raw Offset: +9:00, Platform Override: ''
LogPluginManager: Mounting plugin Paper2D
LogPluginManager: Mounting plugin AISupport
LogPluginManager: Mounting plugin LightPropagationVolume
LogPluginManager: Mounting plugin ActorLayerUtilities
LogPluginManager: Mounting plugin AnimationSharing
LogPluginManager: Mounting plugin CLionSourceCodeAccess
LogPluginManager: Mounting plugin CodeLiteSourceCodeAccess
LogPluginManager: Mounting plugin GitSourceControl
LogPluginManager: Mounting plugin KDevelopSourceCodeAccess
LogPluginManager: Mounting plugin NullSourceCodeAccess
LogPluginManager: Mounting plugin PerforceSourceControl
LogPluginManager: Mounting plugin SubversionSourceControl
LogPluginManager: Mounting plugin UObjectPlugin
LogPluginManager: Mounting plugin VisualStudioCodeSourceCodeAccess
LogPluginManager: Mounting plugin VisualStudioSourceCodeAccess
LogPluginManager: Mounting plugin XCodeSourceCodeAccess
LogPluginManager: Mounting plugin AssetManagerEditor
LogPluginManager: Mounting plugin CryptoKeys
LogPluginManager: Mounting plugin DataValidation
LogPluginManager: Mounting plugin EditorScriptingUtilities
LogPluginManager: Mounting plugin FacialAnimation
LogPluginManager: Mounting plugin GameplayTagsEditor
LogPluginManager: Mounting plugin GLTFImporter
LogPluginManager: Mounting plugin MacGraphicsSwitching
LogPluginManager: Mounting plugin MaterialAnalyzer
LogPluginManager: Mounting plugin MeshEditor
LogPluginManager: Mounting plugin MobileLauncherProfileWizard
LogPluginManager: Mounting plugin PluginBrowser
LogPluginManager: Mounting plugin SpeedTreeImporter
LogPluginManager: Mounting plugin DatasmithContent
LogPluginManager: Mounting plugin VariantManagerContent
LogPluginManager: Mounting plugin AlembicImporter
LogPluginManager: Mounting plugin AppleImageUtils
LogPluginManager: Mounting plugin AppleVision
LogPluginManager: Mounting plugin BackChannel
LogPluginManager: Mounting plugin BlastPlugin
LogPluginManager: Mounting plugin ChaosSolverPlugin
LogPluginManager: Mounting plugin CharacterAI
LogPluginManager: Mounting plugin GeometryCache
LogPluginManager: Mounting plugin GeometryCollectionPlugin
LogPluginManager: Mounting plugin HTML5Networking
LogPluginManager: Mounting plugin ProxyLODPlugin
LogPluginManager: Mounting plugin SkeletalReduction
LogPluginManager: Mounting plugin MagicLeap
LogPluginManager: Mounting plugin MagicLeapMedia
LogPluginManager: Mounting plugin AndroidMedia
LogPluginManager: Mounting plugin AvfMedia
LogPluginManager: Mounting plugin ImgMedia
LogPluginManager: Mounting plugin LinearTimecode
LogPluginManager: Mounting plugin MediaCompositing
LogPluginManager: Mounting plugin MediaPlayerEditor
LogPluginManager: Mounting plugin WebMMedia
LogPluginManager: Mounting plugin WmfMedia
LogPluginManager: Mounting plugin TcpMessaging
LogPluginManager: Mounting plugin UdpMessaging
LogPluginManager: Mounting plugin ActorSequence
LogPluginManager: Mounting plugin LevelSequenceEditor
LogPluginManager: Mounting plugin MatineeToLevelSequence
LogPluginManager: Mounting plugin NetcodeUnitTest
LogPluginManager: Mounting plugin NUTUnrealEngine4
LogPluginManager: Mounting plugin OnlineSubsystemGooglePlay
LogPluginManager: Mounting plugin OnlineSubsystemIOS
LogPluginManager: Mounting plugin OnlineSubsystem
LogPluginManager: Mounting plugin OnlineSubsystemNull
LogPluginManager: Mounting plugin OnlineSubsystemUtils
LogPluginManager: Mounting plugin LauncherChunkInstaller
LogPluginManager: Mounting plugin AndroidDeviceProfileSelector
LogPluginManager: Mounting plugin AndroidMoviePlayer
LogPluginManager: Mounting plugin AndroidPermission
LogPluginManager: Mounting plugin AppleMoviePlayer
LogPluginManager: Mounting plugin ArchVisCharacter
LogPluginManager: Mounting plugin AudioCapture
LogPluginManager: Mounting plugin CableComponent
LogPluginManager: Mounting plugin CustomMeshComponent
LogPluginManager: Mounting plugin EditableMesh
LogPluginManager: Mounting plugin ExampleDeviceProfileSelector
LogPluginManager: Mounting plugin Firebase
LogPluginManager: Mounting plugin GoogleCloudMessaging
LogPluginManager: Mounting plugin IOSDeviceProfileSelector
LogPluginManager: Mounting plugin LinuxDeviceProfileSelector
LogPluginManager: Mounting plugin LocationServicesBPLibrary
LogPluginManager: Mounting plugin MobilePatchingUtils
LogPluginManager: Mounting plugin OculusVR
LogPluginManager: Mounting plugin PhysXVehicles
LogPluginManager: Mounting plugin ProceduralMeshComponent
LogPluginManager: Mounting plugin RuntimePhysXCooking
LogPluginManager: Mounting plugin SignificanceManager
LogPluginManager: Mounting plugin SteamVR
LogPluginManager: Mounting plugin WebMMoviePlayer
LogPluginManager: Mounting plugin WindowsMoviePlayer
LogPluginManager: Mounting plugin DatasmithCADImporter
LogPluginManager: Mounting plugin DatasmithDataPrepEditor
LogPluginManager: Mounting plugin DatasmithFBXImporter
LogPluginManager: Mounting plugin DatasmithGLTFImporter
LogPluginManager: Mounting plugin DatasmithImporter
LogPluginManager: Mounting plugin MDLImporter
LogPluginManager: Mounting plugin StaticMeshEditorExtension
LogPluginManager: Mounting plugin VariantManager
LogInit: Using libcurl 7.55.1-DEV
LogInit:  - built for x86_64-pc-win32
LogInit:  - supports SSL with OpenSSL/1.1.1
LogInit:  - supports HTTP deflate (compression) using libz 1.2.8
LogInit:  - other features:
LogInit:      CURL_VERSION_SSL
LogInit:      CURL_VERSION_LIBZ
LogInit:      CURL_VERSION_IPV6
LogInit:      CURL_VERSION_ASYNCHDNS
LogInit:      CURL_VERSION_LARGEFILE
LogInit:      CURL_VERSION_IDN
LogInit:  CurlRequestOptions (configurable via config and command line):
LogInit:  - bVerifyPeer = true  - Libcurl will verify peer certificate
LogInit:  - bUseHttpProxy = false  - Libcurl will NOT use HTTP proxy
LogInit:  - bDontReuseConnections = false  - Libcurl will reuse connections
LogInit:  - MaxHostConnections = 16  - Libcurl will limit the number of connections to a host
LogInit:  - LocalHostAddr = Default
LogInit:  - BufferSize = 65536
LogInit: WinSock: version 1.1 (2.2), MaxSocks=32767, MaxUdp=65467
LogInit: Build: ++UE4+Release-4.22-CL-7053642
LogInit: Engine Version: 4.22.3-7053642+++UE4+Release-4.22
LogInit: Compatible Engine Version: 4.22.0-5660361+++UE4+Release-4.22
LogInit: Net CL: 5660361
LogInit: OS: Windows 10 (Release 1903) (), CPU: Intel(R) Core(TM) i7-8750H CPU @ 2.20GHz, GPU: Intel(R) UHD Graphics 630
LogInit: Compiled (64-bit): Jun 18 2019 03:09:11
LogInit: Compiled with Visual C++: 19.16.27025.01
LogInit: Build Configuration: Development
LogInit: Branch Name: ++UE4+Release-4.22
LogInit: Command Line:  -skipcompile
LogInit: Base Directory: C:/Program Files/Epic Games/UE_4.22/Engine/Binaries/Win64/
LogInit: Installed Engine Build: 1
LogDevObjectVersion: Number of dev versions registered: 23
LogDevObjectVersion:   Dev-Blueprints (B0D832E4-1F89-4F0D-ACCF-7EB736FD4AA2): 10
LogDevObjectVersion:   Dev-Build (E1C64328-A22C-4D53-A36C-8E866417BD8C): 0
LogDevObjectVersion:   Dev-Core (375EC13C-06E4-48FB-B500-84F0262A717E): 3
LogDevObjectVersion:   Dev-Editor (E4B068ED-F494-42E9-A231-DA0B2E46BB41): 30
LogDevObjectVersion:   Dev-Framework (CFFC743F-43B0-4480-9391-14DF171D2073): 35
LogDevObjectVersion:   Dev-Mobile (B02B49B5-BB20-44E9-A304-32B752E40360): 2
LogDevObjectVersion:   Dev-Networking (A4E4105C-59A1-49B5-A7C5-40C4547EDFEE): 0
LogDevObjectVersion:   Dev-Online (39C831C9-5AE6-47DC-9A44-9C173E1C8E7C): 0
LogDevObjectVersion:   Dev-Physics (78F01B33-EBEA-4F98-B9B4-84EACCB95AA2): 0
LogDevObjectVersion:   Dev-Platform (6631380F-2D4D-43E0-8009-CF276956A95A): 0
LogDevObjectVersion:   Dev-Rendering (12F88B9F-8875-4AFC-A67C-D90C383ABD29): 28
LogDevObjectVersion:   Dev-Sequencer (7B5AE74C-D270-4C10-A958-57980B212A5A): 11
LogDevObjectVersion:   Dev-VR (D7296918-1DD6-4BDD-9DE2-64A83CC13884): 2
LogDevObjectVersion:   Dev-LoadTimes (C2A15278-BFE7-4AFE-6C17-90FF531DF755): 1
LogDevObjectVersion:   Private-Geometry (6EACA3D4-40EC-4CC1-B786-8BED09428FC5): 3
LogDevObjectVersion:   Dev-AnimPhys (29E575DD-E0A3-4627-9D10-D276232CDCEA): 17
LogDevObjectVersion:   Dev-Anim (AF43A65D-7FD3-4947-9873-3E8ED9C1BB05): 2
LogDevObjectVersion:   Dev-ReflectionCapture (6B266CEC-1EC7-4B8F-A30B-E4D90942FC07): 1
LogDevObjectVersion:   Dev-Automation (0DF73D61-A23F-47EA-B727-89E90C41499A): 1
LogDevObjectVersion:   FortniteMain (601D1886-AC64-4F84-AA16-D3DE0DEAC7D6): 25
LogDevObjectVersion:   Dev-Enterprise (9DFFBCD6-494F-0158-E221-12823C92A888): 6
LogDevObjectVersion:   Dev-Niagara (F2AED0AC-9AFE-416F-8664-AA7FFA26D6FC): 1
LogDevObjectVersion:   Dev-Destruction (174F1F0B-B4C6-45A5-B13F-2EE8D0FB917D): 2
LogInit: Presizing for max 16777216 objects, including 0 objects not considered by GC, pre-allocating 0 bytes for permanent pool.
LogInit: Object subsystem initialized
LogConfig: Setting CVar [[con.DebugEarlyDefault:1]]
LogConfig: Setting CVar [[r.setres:1280x720]]
[2020.02.14-13.26.55:569][  0]LogConfig: Setting CVar [[r.VSync:0]]
[2020.02.14-13.26.55:569][  0]LogConfig: Setting CVar [[r.RHICmdBypass:0]]
[2020.02.14-13.26.55:569][  0]LogConfig: Applying CVar settings from Section [/Script/Engine.RendererSettings] File [C:/project/Unreal Engine/TheTree/TheTree/Saved/Config/Windows/Engine.ini]
[2020.02.14-13.26.55:569][  0]LogConfig: Setting CVar [[r.GPUCrashDebugging:0]]
[2020.02.14-13.26.55:569][  0]LogConfig: Setting CVar [[r.DefaultFeature.AutoExposure.ExtendDefaultLuminanceRange:1]]
[2020.02.14-13.26.55:569][  0]LogConfig: Applying CVar settings from Section [/Script/Engine.RendererOverrideSettings] File [C:/project/Unreal Engine/TheTree/TheTree/Saved/Config/Windows/Engine.ini]
[2020.02.14-13.26.55:569][  0]LogConfig: Applying CVar settings from Section [/Script/Engine.StreamingSettings] File [C:/project/Unreal Engine/TheTree/TheTree/Saved/Config/Windows/Engine.ini]
[2020.02.14-13.26.55:569][  0]LogConfig: Setting CVar [[s.MinBulkDataSizeForAsyncLoading:131072]]
[2020.02.14-13.26.55:569][  0]LogConfig: Setting CVar [[s.AsyncLoadingThreadEnabled:0]]
[2020.02.14-13.26.55:569][  0]LogConfig: Setting CVar [[s.EventDrivenLoaderEnabled:1]]
[2020.02.14-13.26.55:569][  0]LogConfig: Setting CVar [[s.WarnIfTimeLimitExceeded:0]]
[2020.02.14-13.26.55:569][  0]LogConfig: Setting CVar [[s.TimeLimitExceededMultiplier:1.5]]
[2020.02.14-13.26.55:569][  0]LogConfig: Setting CVar [[s.TimeLimitExceededMinTime:0.005]]
[2020.02.14-13.26.55:569][  0]LogConfig: Setting CVar [[s.UseBackgroundLevelStreaming:1]]
[2020.02.14-13.26.55:569][  0]LogConfig: Setting CVar [[s.PriorityAsyncLoadingExtraTime:15.0]]
[2020.02.14-13.26.55:569][  0]LogConfig: Setting CVar [[s.LevelStreamingActorsUpdateTimeLimit:5.0]]
[2020.02.14-13.26.55:569][  0]LogConfig: Setting CVar [[s.PriorityLevelStreamingActorsUpdateExtraTime:5.0]]
[2020.02.14-13.26.55:569][  0]LogConfig: Setting CVar [[s.LevelStreamingComponentsRegistrationGranularity:10]]
[2020.02.14-13.26.55:570][  0]LogConfig: Setting CVar [[s.UnregisterComponentsTimeLimit:1.0]]
[2020.02.14-13.26.55:570][  0]LogConfig: Setting CVar [[s.LevelStreamingComponentsUnregistrationGranularity:5]]
[2020.02.14-13.26.55:570][  0]LogConfig: Applying CVar settings from Section [/Script/Engine.GarbageCollectionSettings] File [C:/project/Unreal Engine/TheTree/TheTree/Saved/Config/Windows/Engine.ini]
[2020.02.14-13.26.55:570][  0]LogConfig: Setting CVar [[gc.MaxObjectsNotConsideredByGC:1]]
[2020.02.14-13.26.55:570][  0]LogConfig: Setting CVar [[gc.SizeOfPermanentObjectPool:0]]
[2020.02.14-13.26.55:570][  0]LogConfig: Setting CVar [[gc.FlushStreamingOnGC:0]]
[2020.02.14-13.26.55:570][  0]LogConfig: Setting CVar [[gc.NumRetriesBeforeForcingGC:10]]
[2020.02.14-13.26.55:570][  0]LogConfig: Setting CVar [[gc.AllowParallelGC:1]]
[2020.02.14-13.26.55:570][  0]LogConfig: Setting CVar [[gc.TimeBetweenPurgingPendingKillObjects:61.1]]
[2020.02.14-13.26.55:570][  0]LogConfig: Setting CVar [[gc.MaxObjectsInEditor:16777216]]
[2020.02.14-13.26.55:570][  0]LogConfig: Setting CVar [[gc.IncrementalBeginDestroyEnabled:1]]
[2020.02.14-13.26.55:570][  0]LogConfig: Setting CVar [[gc.CreateGCClusters:1]]
[2020.02.14-13.26.55:570][  0]LogConfig: Setting CVar [[gc.MinGCClusterSize:5]]
[2020.02.14-13.26.55:570][  0]LogConfig: Setting CVar [[gc.ActorClusteringEnabled:0]]
[2020.02.14-13.26.55:570][  0]LogConfig: Setting CVar [[gc.BlueprintClusteringEnabled:0]]
[2020.02.14-13.26.55:570][  0]LogConfig: Setting CVar [[gc.UseDisregardForGCOnDedicatedServers:0]]
[2020.02.14-13.26.55:570][  0]LogConfig: Applying CVar settings from Section [/Script/Engine.NetworkSettings] File [C:/project/Unreal Engine/TheTree/TheTree/Saved/Config/Windows/Engine.ini]
[2020.02.14-13.26.55:570][  0]LogConfig: Applying CVar settings from Section [/Script/UnrealEd.CookerSettings] File [C:/project/Unreal Engine/TheTree/TheTree/Saved/Config/Windows/Engine.ini]
[2020.02.14-13.26.55:572][  0]LogConfig: Applying CVar settings from Section [ViewDistanceQuality@3] File [C:/project/Unreal Engine/TheTree/TheTree/Saved/Config/Windows/Scalability.ini]
[2020.02.14-13.26.55:572][  0]LogConfig: Setting CVar [[r.SkeletalMeshLODBias:0]]
[2020.02.14-13.26.55:572][  0]LogConfig: Setting CVar [[r.ViewDistanceScale:1.0]]
[2020.02.14-13.26.55:572][  0]LogConfig: Applying CVar settings from Section [AntiAliasingQuality@3] File [C:/project/Unreal Engine/TheTree/TheTree/Saved/Config/Windows/Scalability.ini]
[2020.02.14-13.26.55:572][  0]LogConfig: Setting CVar [[r.PostProcessAAQuality:4]]
[2020.02.14-13.26.55:572][  0]LogConfig: Applying CVar settings from Section [ShadowQuality@3] File [C:/project/Unreal Engine/TheTree/TheTree/Saved/Config/Windows/Scalability.ini]
[2020.02.14-13.26.55:572][  0]LogConfig: Setting CVar [[r.LightFunctionQuality:1]]
[2020.02.14-13.26.55:572][  0]LogConfig: Setting CVar [[r.ShadowQuality:5]]
[2020.02.14-13.26.55:572][  0]LogConfig: Setting CVar [[r.Shadow.CSM.MaxCascades:10]]
[2020.02.14-13.26.55:572][  0]LogConfig: Setting CVar [[r.Shadow.MaxResolution:2048]]
[2020.02.14-13.26.55:572][  0]LogConfig: Setting CVar [[r.Shadow.MaxCSMResolution:2048]]
[2020.02.14-13.26.55:572][  0]LogConfig: Setting CVar [[r.Shadow.RadiusThreshold:0.01]]
[2020.02.14-13.26.55:572][  0]LogConfig: Setting CVar [[r.Shadow.DistanceScale:1.0]]
[2020.02.14-13.26.55:572][  0]LogConfig: Setting CVar [[r.Shadow.CSM.TransitionScale:1.0]]
[2020.02.14-13.26.55:572][  0]LogConfig: Setting CVar [[r.Shadow.PreShadowResolutionFactor:1.0]]
[2020.02.14-13.26.55:572][  0]LogConfig: Setting CVar [[r.DistanceFieldShadowing:1]]
[2020.02.14-13.26.55:572][  0]LogConfig: Setting CVar [[r.DistanceFieldAO:1]]
[2020.02.14-13.26.55:572][  0]LogConfig: Setting CVar [[r.AOQuality:2]]
[2020.02.14-13.26.55:572][  0]LogConfig: Setting CVar [[r.VolumetricFog:1]]
[2020.02.14-13.26.55:572][  0]LogConfig: Setting CVar [[r.VolumetricFog.GridPixelSize:8]]
[2020.02.14-13.26.55:572][  0]LogConfig: Setting CVar [[r.VolumetricFog.GridSizeZ:128]]
[2020.02.14-13.26.55:572][  0]LogConfig: Setting CVar [[r.VolumetricFog.HistoryMissSupersampleCount:4]]
[2020.02.14-13.26.55:572][  0]LogConfig: Setting CVar [[r.LightMaxDrawDistanceScale:1]]
[2020.02.14-13.26.55:572][  0]LogConfig: Setting CVar [[r.CapsuleShadows:1]]
[2020.02.14-13.26.55:572][  0]LogConfig: Applying CVar settings from Section [PostProcessQuality@3] File [C:/project/Unreal Engine/TheTree/TheTree/Saved/Config/Windows/Scalability.ini]
[2020.02.14-13.26.55:572][  0]LogConfig: Setting CVar [[r.MotionBlurQuality:4]]
[2020.02.14-13.26.55:572][  0]LogConfig: Setting CVar [[r.AmbientOcclusionMipLevelFactor:0.4]]
[2020.02.14-13.26.55:572][  0]LogConfig: Setting CVar [[r.AmbientOcclusionMaxQuality:100]]
[2020.02.14-13.26.55:572][  0]LogConfig: Setting CVar [[r.AmbientOcclusionLevels:-1]]
[2020.02.14-13.26.55:572][  0]LogConfig: Setting CVar [[r.AmbientOcclusionRadiusScale:1.0]]
[2020.02.14-13.26.55:572][  0]LogConfig: Setting CVar [[r.DepthOfFieldQuality:2]]
[2020.02.14-13.26.55:572][  0]LogConfig: Setting CVar [[r.RenderTargetPoolMin:400]]
[2020.02.14-13.26.55:572][  0]LogConfig: Setting CVar [[r.LensFlareQuality:2]]
[2020.02.14-13.26.55:572][  0]LogConfig: Setting CVar [[r.SceneColorFringeQuality:1]]
[2020.02.14-13.26.55:572][  0]LogConfig: Setting CVar [[r.EyeAdaptationQuality:2]]
[2020.02.14-13.26.55:572][  0]LogConfig: Setting CVar [[r.BloomQuality:5]]
[2020.02.14-13.26.55:572][  0]LogConfig: Setting CVar [[r.FastBlurThreshold:100]]
[2020.02.14-13.26.55:572][  0]LogConfig: Setting CVar [[r.Upscale.Quality:3]]
[2020.02.14-13.26.55:572][  0]LogConfig: Setting CVar [[r.Tonemapper.GrainQuantization:1]]
[2020.02.14-13.26.55:572][  0]LogConfig: Setting CVar [[r.LightShaftQuality:1]]
[2020.02.14-13.26.55:572][  0]LogConfig: Setting CVar [[r.Filter.SizeScale:1]]
[2020.02.14-13.26.55:572][  0]LogConfig: Setting CVar [[r.Tonemapper.Quality:5]]
[2020.02.14-13.26.55:572][  0]LogConfig: Setting CVar [[r.DOF.Gather.AccumulatorQuality:1        ; higher gathering accumulator quality]]
[2020.02.14-13.26.55:572][  0]LogConfig: Setting CVar [[r.DOF.Gather.PostfilterMethod:1          ; Median3x3 postfilering method]]
[2020.02.14-13.26.55:572][  0]LogConfig: Setting CVar [[r.DOF.Gather.EnableBokehSettings:0       ; no bokeh simulation when gathering]]
[2020.02.14-13.26.55:572][  0]LogConfig: Setting CVar [[r.DOF.Gather.RingCount:4                 ; medium number of samples when gathering]]
[2020.02.14-13.26.55:572][  0]LogConfig: Setting CVar [[r.DOF.Scatter.ForegroundCompositing:1    ; additive foreground scattering]]
[2020.02.14-13.26.55:572][  0]LogConfig: Setting CVar [[r.DOF.Scatter.BackgroundCompositing:2    ; additive background scattering]]
[2020.02.14-13.26.55:572][  0]LogConfig: Setting CVar [[r.DOF.Scatter.EnableBokehSettings:1      ; bokeh simulation when scattering]]
[2020.02.14-13.26.55:572][  0]LogConfig: Setting CVar [[r.DOF.Scatter.MaxSpriteRatio:0.1         ; only a maximum of 10% of scattered bokeh]]
[2020.02.14-13.26.55:572][  0]LogConfig: Setting CVar [[r.DOF.Recombine.Quality:1                ; cheap slight out of focus]]
[2020.02.14-13.26.55:572][  0]LogConfig: Setting CVar [[r.DOF.Recombine.EnableBokehSettings:0    ; no bokeh simulation on slight out of focus]]
[2020.02.14-13.26.55:573][  0]LogConfig: Setting CVar [[r.DOF.TemporalAAQuality:1                ; more stable temporal accumulation]]
[2020.02.14-13.26.55:573][  0]LogConfig: Setting CVar [[r.DOF.Kernel.MaxForegroundRadius:0.025]]
[2020.02.14-13.26.55:573][  0]LogConfig: Setting CVar [[r.DOF.Kernel.MaxBackgroundRadius:0.025]]
[2020.02.14-13.26.55:573][  0]LogConfig: Applying CVar settings from Section [TextureQuality@3] File [C:/project/Unreal Engine/TheTree/TheTree/Saved/Config/Windows/Scalability.ini]
[2020.02.14-13.26.55:573][  0]LogConfig: Setting CVar [[r.Streaming.MipBias:0]]
[2020.02.14-13.26.55:573][  0]LogConfig: Setting CVar [[r.Streaming.AmortizeCPUToGPUCopy:0]]
[2020.02.14-13.26.55:573][  0]LogConfig: Setting CVar [[r.Streaming.MaxNumTexturesToStreamPerFrame:0]]
[2020.02.14-13.26.55:573][  0]LogConfig: Setting CVar [[r.Streaming.Boost:1]]
[2020.02.14-13.26.55:573][  0]LogConfig: Setting CVar [[r.MaxAnisotropy:8]]
[2020.02.14-13.26.55:573][  0]LogConfig: Setting CVar [[r.Streaming.LimitPoolSizeToVRAM:0]]
[2020.02.14-13.26.55:573][  0]LogConfig: Setting CVar [[r.Streaming.PoolSize:1000]]
[2020.02.14-13.26.55:573][  0]LogConfig: Setting CVar [[r.Streaming.MaxEffectiveScreenSize:0]]
[2020.02.14-13.26.55:573][  0]LogConfig: Applying CVar settings from Section [EffectsQuality@3] File [C:/project/Unreal Engine/TheTree/TheTree/Saved/Config/Windows/Scalability.ini]
[2020.02.14-13.26.55:573][  0]LogConfig: Setting CVar [[r.TranslucencyLightingVolumeDim:64]]
[2020.02.14-13.26.55:573][  0]LogConfig: Setting CVar [[r.RefractionQuality:2]]
[2020.02.14-13.26.55:573][  0]LogConfig: Setting CVar [[r.SSR.Quality:3]]
[2020.02.14-13.26.55:573][  0]LogConfig: Setting CVar [[r.SceneColorFormat:4]]
[2020.02.14-13.26.55:573][  0]LogConfig: Setting CVar [[r.DetailMode:2]]
[2020.02.14-13.26.55:573][  0]LogConfig: Setting CVar [[r.TranslucencyVolumeBlur:1]]
[2020.02.14-13.26.55:573][  0]LogConfig: Setting CVar [[r.MaterialQualityLevel:1 ; High quality]]
[2020.02.14-13.26.55:573][  0]LogConfig: Setting CVar [[r.SSS.Scale:1]]
[2020.02.14-13.26.55:573][  0]LogConfig: Setting CVar [[r.SSS.SampleSet:2]]
[2020.02.14-13.26.55:573][  0]LogConfig: Setting CVar [[r.SSS.Quality:1]]
[2020.02.14-13.26.55:573][  0]LogConfig: Setting CVar [[r.SSS.HalfRes:1]]
[2020.02.14-13.26.55:573][  0]LogConfig: Setting CVar [[r.EmitterSpawnRateScale:1.0]]
[2020.02.14-13.26.55:573][  0]LogConfig: Setting CVar [[r.ParticleLightQuality:2]]
[2020.02.14-13.26.55:573][  0]LogConfig: Applying CVar settings from Section [FoliageQuality@3] File [C:/project/Unreal Engine/TheTree/TheTree/Saved/Config/Windows/Scalability.ini]
[2020.02.14-13.26.55:573][  0]LogConfig: Setting CVar [[foliage.DensityScale:1.0]]
[2020.02.14-13.26.55:573][  0]LogConfig: Setting CVar [[grass.DensityScale:1.0]]
[2020.02.14-13.26.55:573][  0]LogInit: Selected Device Profile: [Windows]
[2020.02.14-13.26.55:573][  0]LogInit: Applying CVar settings loaded from the selected device profile: [Windows]
[2020.02.14-13.26.55:579][  0]LogHAL: Display: Platform has ~ 16 GB [17016328192 / 17179869184 / 16], which maps to Larger [LargestMinGB=32, LargerMinGB=12, DefaultMinGB=8, SmallerMinGB=6, SmallestMinGB=0)
[2020.02.14-13.26.55:579][  0]LogConfig: Setting CVar [[r.Vulkan.UseRealUBs:0		; Required until we fix HLR fall-out]]
[2020.02.14-13.26.55:580][  0]LogInit: Going up to parent DeviceProfile []
[2020.02.14-13.26.55:580][  0]LogConfig: Applying CVar settings from Section [ViewDistanceQuality@3] File [C:/project/Unreal Engine/TheTree/TheTree/Saved/Config/Windows/Scalability.ini]
[2020.02.14-13.26.55:580][  0]LogConfig: Setting CVar [[r.SkeletalMeshLODBias:0]]
[2020.02.14-13.26.55:580][  0]LogConfig: Setting CVar [[r.ViewDistanceScale:1.0]]
[2020.02.14-13.26.55:580][  0]LogConfig: Applying CVar settings from Section [AntiAliasingQuality@3] File [C:/project/Unreal Engine/TheTree/TheTree/Saved/Config/Windows/Scalability.ini]
[2020.02.14-13.26.55:580][  0]LogConfig: Setting CVar [[r.PostProcessAAQuality:4]]
[2020.02.14-13.26.55:580][  0]LogConfig: Applying CVar settings from Section [ShadowQuality@3] File [C:/project/Unreal Engine/TheTree/TheTree/Saved/Config/Windows/Scalability.ini]
[2020.02.14-13.26.55:580][  0]LogConfig: Setting CVar [[r.LightFunctionQuality:1]]
[2020.02.14-13.26.55:580][  0]LogConfig: Setting CVar [[r.ShadowQuality:5]]
[2020.02.14-13.26.55:580][  0]LogConfig: Setting CVar [[r.Shadow.CSM.MaxCascades:10]]
[2020.02.14-13.26.55:580][  0]LogConfig: Setting CVar [[r.Shadow.MaxResolution:2048]]
[2020.02.14-13.26.55:580][  0]LogConfig: Setting CVar [[r.Shadow.MaxCSMResolution:2048]]
[2020.02.14-13.26.55:580][  0]LogConfig: Setting CVar [[r.Shadow.RadiusThreshold:0.01]]
[2020.02.14-13.26.55:580][  0]LogConfig: Setting CVar [[r.Shadow.DistanceScale:1.0]]
[2020.02.14-13.26.55:580][  0]LogConfig: Setting CVar [[r.Shadow.CSM.TransitionScale:1.0]]
[2020.02.14-13.26.55:580][  0]LogConfig: Setting CVar [[r.Shadow.PreShadowResolutionFactor:1.0]]
[2020.02.14-13.26.55:580][  0]LogConfig: Setting CVar [[r.DistanceFieldShadowing:1]]
[2020.02.14-13.26.55:580][  0]LogConfig: Setting CVar [[r.DistanceFieldAO:1]]
[2020.02.14-13.26.55:580][  0]LogConfig: Setting CVar [[r.AOQuality:2]]
[2020.02.14-13.26.55:580][  0]LogConfig: Setting CVar [[r.VolumetricFog:1]]
[2020.02.14-13.26.55:580][  0]LogConfig: Setting CVar [[r.VolumetricFog.GridPixelSize:8]]
[2020.02.14-13.26.55:580][  0]LogConfig: Setting CVar [[r.VolumetricFog.GridSizeZ:128]]
[2020.02.14-13.26.55:580][  0]LogConfig: Setting CVar [[r.VolumetricFog.HistoryMissSupersampleCount:4]]
[2020.02.14-13.26.55:580][  0]LogConfig: Setting CVar [[r.LightMaxDrawDistanceScale:1]]
[2020.02.14-13.26.55:580][  0]LogConfig: Setting CVar [[r.CapsuleShadows:1]]
[2020.02.14-13.26.55:580][  0]LogConfig: Applying CVar settings from Section [PostProcessQuality@3] File [C:/project/Unreal Engine/TheTree/TheTree/Saved/Config/Windows/Scalability.ini]
[2020.02.14-13.26.55:580][  0]LogConfig: Setting CVar [[r.MotionBlurQuality:4]]
[2020.02.14-13.26.55:580][  0]LogConfig: Setting CVar [[r.AmbientOcclusionMipLevelFactor:0.4]]
[2020.02.14-13.26.55:580][  0]LogConfig: Setting CVar [[r.AmbientOcclusionMaxQuality:100]]
[2020.02.14-13.26.55:580][  0]LogConfig: Setting CVar [[r.AmbientOcclusionLevels:-1]]
[2020.02.14-13.26.55:580][  0]LogConfig: Setting CVar [[r.AmbientOcclusionRadiusScale:1.0]]
[2020.02.14-13.26.55:580][  0]LogConfig: Setting CVar [[r.DepthOfFieldQuality:2]]
[2020.02.14-13.26.55:580][  0]LogConfig: Setting CVar [[r.RenderTargetPoolMin:400]]
[2020.02.14-13.26.55:580][  0]LogConfig: Setting CVar [[r.LensFlareQuality:2]]
[2020.02.14-13.26.55:580][  0]LogConfig: Setting CVar [[r.SceneColorFringeQuality:1]]
[2020.02.14-13.26.55:580][  0]LogConfig: Setting CVar [[r.EyeAdaptationQuality:2]]
[2020.02.14-13.26.55:580][  0]LogConfig: Setting CVar [[r.BloomQuality:5]]
[2020.02.14-13.26.55:580][  0]LogConfig: Setting CVar [[r.FastBlurThreshold:100]]
[2020.02.14-13.26.55:580][  0]LogConfig: Setting CVar [[r.Upscale.Quality:3]]
[2020.02.14-13.26.55:580][  0]LogConfig: Setting CVar [[r.Tonemapper.GrainQuantization:1]]
[2020.02.14-13.26.55:580][  0]LogConfig: Setting CVar [[r.LightShaftQuality:1]]
[2020.02.14-13.26.55:580][  0]LogConfig: Setting CVar [[r.Filter.SizeScale:1]]
[2020.02.14-13.26.55:580][  0]LogConfig: Setting CVar [[r.Tonemapper.Quality:5]]
[2020.02.14-13.26.55:580][  0]LogConfig: Setting CVar [[r.DOF.Gather.AccumulatorQuality:1        ; higher gathering accumulator quality]]
[2020.02.14-13.26.55:580][  0]LogConfig: Setting CVar [[r.DOF.Gather.PostfilterMethod:1          ; Median3x3 postfilering method]]
[2020.02.14-13.26.55:580][  0]LogConfig: Setting CVar [[r.DOF.Gather.EnableBokehSettings:0       ; no bokeh simulation when gathering]]
[2020.02.14-13.26.55:580][  0]LogConfig: Setting CVar [[r.DOF.Gather.RingCount:4                 ; medium number of samples when gathering]]
[2020.02.14-13.26.55:580][  0]LogConfig: Setting CVar [[r.DOF.Scatter.ForegroundCompositing:1    ; additive foreground scattering]]
[2020.02.14-13.26.55:580][  0]LogConfig: Setting CVar [[r.DOF.Scatter.BackgroundCompositing:2    ; additive background scattering]]
[2020.02.14-13.26.55:580][  0]LogConfig: Setting CVar [[r.DOF.Scatter.EnableBokehSettings:1      ; bokeh simulation when scattering]]
[2020.02.14-13.26.55:580][  0]LogConfig: Setting CVar [[r.DOF.Scatter.MaxSpriteRatio:0.1         ; only a maximum of 10% of scattered bokeh]]
[2020.02.14-13.26.55:580][  0]LogConfig: Setting CVar [[r.DOF.Recombine.Quality:1                ; cheap slight out of focus]]
[2020.02.14-13.26.55:580][  0]LogConfig: Setting CVar [[r.DOF.Recombine.EnableBokehSettings:0    ; no bokeh simulation on slight out of focus]]
[2020.02.14-13.26.55:580][  0]LogConfig: Setting CVar [[r.DOF.TemporalAAQuality:1                ; more stable temporal accumulation]]
[2020.02.14-13.26.55:580][  0]LogConfig: Setting CVar [[r.DOF.Kernel.MaxForegroundRadius:0.025]]
[2020.02.14-13.26.55:580][  0]LogConfig: Setting CVar [[r.DOF.Kernel.MaxBackgroundRadius:0.025]]
[2020.02.14-13.26.55:580][  0]LogConfig: Applying CVar settings from Section [TextureQuality@3] File [C:/project/Unreal Engine/TheTree/TheTree/Saved/Config/Windows/Scalability.ini]
[2020.02.14-13.26.55:580][  0]LogConfig: Setting CVar [[r.Streaming.MipBias:0]]
[2020.02.14-13.26.55:580][  0]LogConfig: Setting CVar [[r.Streaming.AmortizeCPUToGPUCopy:0]]
[2020.02.14-13.26.55:580][  0]LogConfig: Setting CVar [[r.Streaming.MaxNumTexturesToStreamPerFrame:0]]
[2020.02.14-13.26.55:580][  0]LogConfig: Setting CVar [[r.Streaming.Boost:1]]
[2020.02.14-13.26.55:580][  0]LogConfig: Setting CVar [[r.MaxAnisotropy:8]]
[2020.02.14-13.26.55:580][  0]LogConfig: Setting CVar [[r.Streaming.LimitPoolSizeToVRAM:0]]
[2020.02.14-13.26.55:580][  0]LogConfig: Setting CVar [[r.Streaming.PoolSize:1000]]
[2020.02.14-13.26.55:580][  0]LogConfig: Setting CVar [[r.Streaming.MaxEffectiveScreenSize:0]]
[2020.02.14-13.26.55:580][  0]LogConfig: Applying CVar settings from Section [EffectsQuality@3] File [C:/project/Unreal Engine/TheTree/TheTree/Saved/Config/Windows/Scalability.ini]
[2020.02.14-13.26.55:580][  0]LogConfig: Setting CVar [[r.TranslucencyLightingVolumeDim:64]]
[2020.02.14-13.26.55:580][  0]LogConfig: Setting CVar [[r.RefractionQuality:2]]
[2020.02.14-13.26.55:580][  0]LogConfig: Setting CVar [[r.SSR.Quality:3]]
[2020.02.14-13.26.55:580][  0]LogConfig: Setting CVar [[r.SceneColorFormat:4]]
[2020.02.14-13.26.55:580][  0]LogConfig: Setting CVar [[r.DetailMode:2]]
[2020.02.14-13.26.55:581][  0]LogConfig: Setting CVar [[r.TranslucencyVolumeBlur:1]]
[2020.02.14-13.26.55:581][  0]LogConfig: Setting CVar [[r.MaterialQualityLevel:1 ; High quality]]
[2020.02.14-13.26.55:581][  0]LogConfig: Setting CVar [[r.SSS.Scale:1]]
[2020.02.14-13.26.55:581][  0]LogConfig: Setting CVar [[r.SSS.SampleSet:2]]
[2020.02.14-13.26.55:581][  0]LogConfig: Setting CVar [[r.SSS.Quality:1]]
[2020.02.14-13.26.55:581][  0]LogConfig: Setting CVar [[r.SSS.HalfRes:1]]
[2020.02.14-13.26.55:581][  0]LogConfig: Setting CVar [[r.EmitterSpawnRateScale:1.0]]
[2020.02.14-13.26.55:581][  0]LogConfig: Setting CVar [[r.ParticleLightQuality:2]]
[2020.02.14-13.26.55:581][  0]LogConfig: Applying CVar settings from Section [FoliageQuality@3] File [C:/project/Unreal Engine/TheTree/TheTree/Saved/Config/Windows/Scalability.ini]
[2020.02.14-13.26.55:581][  0]LogConfig: Setting CVar [[foliage.DensityScale:1.0]]
[2020.02.14-13.26.55:581][  0]LogConfig: Setting CVar [[grass.DensityScale:1.0]]
[2020.02.14-13.26.55:581][  0]LogConfig: Applying CVar settings from Section [Startup] File [../../../Engine/Config/ConsoleVariables.ini]
[2020.02.14-13.26.55:581][  0]LogConfig: Setting CVar [[net.UseAdaptiveNetUpdateFrequency:0]]
[2020.02.14-13.26.55:581][  0]LogConfig: Setting CVar [[p.chaos.AllowCreatePhysxBodies:1]]
[2020.02.14-13.26.55:581][  0]LogConfig: Applying CVar settings from Section [ConsoleVariables] File [C:/project/Unreal Engine/TheTree/TheTree/Saved/Config/Windows/Engine.ini]
[2020.02.14-13.26.55:581][  0]LogInit: Computer: DESKTOP-LPAB82H
[2020.02.14-13.26.55:581][  0]LogInit: User: owner
[2020.02.14-13.26.55:581][  0]LogInit: CPU Page size=4096, Cores=6
[2020.02.14-13.26.55:581][  0]LogInit: High frequency timer resolution =10.000000 MHz
[2020.02.14-13.26.55:581][  0]LogMemory: Memory total: Physical=15.8GB (16GB approx)
[2020.02.14-13.26.55:581][  0]LogMemory: Platform Memory Stats for Windows
[2020.02.14-13.26.55:581][  0]LogMemory: Process Physical Memory: 97.12 MB used, 97.13 MB peak
[2020.02.14-13.26.55:581][  0]LogMemory: Process Virtual Memory: 89.74 MB used, 89.74 MB peak
[2020.02.14-13.26.55:581][  0]LogMemory: Physical Memory: 6860.27 MB used,  9367.77 MB free, 16228.04 MB total
[2020.02.14-13.26.55:581][  0]LogMemory: Virtual Memory: 4660.59 MB used,  134213064.00 MB free, 134217728.00 MB total
[2020.02.14-13.26.55:603][  0]LogInit: Overriding language with editor language configuration option (en).
[2020.02.14-13.26.55:603][  0]LogInit: Overriding locale with editor locale configuration option (en).
[2020.02.14-13.26.55:729][  0]LogInit: Setting process to per monitor DPI aware
[2020.02.14-13.26.55:760][  0]LogSlate: New Slate User Created.  User Index 0, Is Virtual User: 0
[2020.02.14-13.26.55:760][  0]LogSlate: Slate User Registered.  User Index 0, Is Virtual User: 0
[2020.02.14-13.26.55:911][  0]LogHMD: Failed to initialize OpenVR with code 110
[2020.02.14-13.26.55:911][  0]LogD3D11RHI: D3D11 adapters:
[2020.02.14-13.26.55:978][  0]LogD3D11RHI:    0. 'NVIDIA GeForce GTX 1060' (Feature Level 11_0)
[2020.02.14-13.26.55:978][  0]LogD3D11RHI:       6052/0/8114 MB DedicatedVideo/DedicatedSystem/SharedSystem, Outputs:1, VendorId:0x10de
[2020.02.14-13.26.55:991][  0]LogD3D11RHI:    1. 'Intel(R) UHD Graphics 630' (Feature Level 11_0)
[2020.02.14-13.26.55:991][  0]LogD3D11RHI:       128/0/8114 MB DedicatedVideo/DedicatedSystem/SharedSystem, Outputs:0, VendorId:0x8086
[2020.02.14-13.26.55:993][  0]LogD3D11RHI:    2. 'Microsoft Basic Render Driver' (Feature Level 11_0)
[2020.02.14-13.26.55:993][  0]LogD3D11RHI:       0/0/8114 MB DedicatedVideo/DedicatedSystem/SharedSystem, Outputs:0, VendorId:0x1414
[2020.02.14-13.26.55:993][  0]LogD3D11RHI: Chosen D3D11 Adapter: 0
[2020.02.14-13.26.56:019][  0]LogD3D11RHI: Creating new Direct3DDevice
[2020.02.14-13.26.56:019][  0]LogD3D11RHI:     GPU DeviceId: 0x1c20 (for the marketing name, search the web for "GPU Device Id")
[2020.02.14-13.26.56:019][  0]LogWindows: EnumDisplayDevices:
[2020.02.14-13.26.56:019][  0]LogWindows:    0. 'Intel(R) UHD Graphics 630' (P:1 D:1)
[2020.02.14-13.26.56:020][  0]LogWindows:    1. 'Intel(R) UHD Graphics 630' (P:0 D:0)
[2020.02.14-13.26.56:020][  0]LogWindows:    2. 'Intel(R) UHD Graphics 630' (P:0 D:0)
[2020.02.14-13.26.56:020][  0]LogWindows:    3. 'NVIDIA GeForce GTX 1060' (P:0 D:0)
[2020.02.14-13.26.56:020][  0]LogWindows:    4. 'NVIDIA GeForce GTX 1060' (P:0 D:0)
[2020.02.14-13.26.56:021][  0]LogWindows:    5. 'NVIDIA GeForce GTX 1060' (P:0 D:0)
[2020.02.14-13.26.56:021][  0]LogWindows:    6. 'NVIDIA GeForce GTX 1060' (P:0 D:0)
[2020.02.14-13.26.56:021][  0]LogWindows: DebugString: PrimaryIsNotTheChoosenAdapter PrimaryIsNotTheChoosenAdapter PrimaryIsNotTheChoosenAdapter FoundDriverCount:4 
[2020.02.14-13.26.56:021][  0]LogD3D11RHI:     Adapter Name: NVIDIA GeForce GTX 1060
[2020.02.14-13.26.56:021][  0]LogD3D11RHI:   Driver Version: 436.48 (internal:26.21.14.3648, unified:436.48)
[2020.02.14-13.26.56:021][  0]LogD3D11RHI:      Driver Date: 9-26-2019
[2020.02.14-13.26.56:021][  0]LogRHI: Texture pool is 4236 MB (70% of 6052 MB)
[2020.02.14-13.26.56:060][  0]LogD3D11RHI: Async texture creation enabled
[2020.02.14-13.26.56:067][  0]LogRendererCore: FGlobalReadBuffer::InitRHI
[2020.02.14-13.26.56:068][  0]LogRendererCore: FGlobalReadBuffer::InitRHI
[2020.02.14-13.26.56:068][  0]LogRendererCore: FGlobalReadBuffer::InitRHI
[2020.02.14-13.26.56:075][  0]LogD3D11RHI: GPU Timing Frequency: 1000.000000 (Debug: 2 1)
[2020.02.14-13.26.56:321][  0]LogTemp: Display: Module 'AllDesktopTargetPlatform' loaded TargetPlatform 'AllDesktop'
[2020.02.14-13.26.56:333][  0]LogTemp: Display: Module 'MacClientTargetPlatform' loaded TargetPlatform 'MacClient'
[2020.02.14-13.26.56:346][  0]LogTemp: Display: Module 'MacNoEditorTargetPlatform' loaded TargetPlatform 'MacNoEditor'
[2020.02.14-13.26.56:361][  0]LogTemp: Display: Module 'MacServerTargetPlatform' loaded TargetPlatform 'MacServer'
[2020.02.14-13.26.56:375][  0]LogTemp: Display: Module 'MacTargetPlatform' loaded TargetPlatform 'Mac'
[2020.02.14-13.26.56:389][  0]LogTemp: Display: Module 'WindowsClientTargetPlatform' loaded TargetPlatform 'WindowsClient'
[2020.02.14-13.26.56:402][  0]LogTemp: Display: Module 'WindowsNoEditorTargetPlatform' loaded TargetPlatform 'WindowsNoEditor'
[2020.02.14-13.26.56:416][  0]LogTemp: Display: Module 'WindowsServerTargetPlatform' loaded TargetPlatform 'WindowsServer'
[2020.02.14-13.26.56:423][  0]LogTemp: Display: Module 'WindowsTargetPlatform' loaded TargetPlatform 'Windows'
[2020.02.14-13.26.56:506][  0]LogTemp: Display: Module 'AndroidTargetPlatform' loaded TargetPlatform 'Android'
[2020.02.14-13.26.56:506][  0]LogTemp: Display: Module 'AndroidTargetPlatform' loaded TargetPlatform 'Android_ASTC'
[2020.02.14-13.26.56:506][  0]LogTemp: Display: Module 'AndroidTargetPlatform' loaded TargetPlatform 'Android_ATC'
[2020.02.14-13.26.56:506][  0]LogTemp: Display: Module 'AndroidTargetPlatform' loaded TargetPlatform 'Android_DXT'
[2020.02.14-13.26.56:506][  0]LogTemp: Display: Module 'AndroidTargetPlatform' loaded TargetPlatform 'Android_ETC1'
[2020.02.14-13.26.56:506][  0]LogTemp: Display: Module 'AndroidTargetPlatform' loaded TargetPlatform 'Android_ETC1a'
[2020.02.14-13.26.56:506][  0]LogTemp: Display: Module 'AndroidTargetPlatform' loaded TargetPlatform 'Android_ETC2'
[2020.02.14-13.26.56:506][  0]LogTemp: Display: Module 'AndroidTargetPlatform' loaded TargetPlatform 'Android_PVRTC'
[2020.02.14-13.26.56:506][  0]LogTemp: Display: Module 'AndroidTargetPlatform' loaded TargetPlatform 'AndroidClient'
[2020.02.14-13.26.56:506][  0]LogTemp: Display: Module 'AndroidTargetPlatform' loaded TargetPlatform 'Android_ASTCClient'
[2020.02.14-13.26.56:506][  0]LogTemp: Display: Module 'AndroidTargetPlatform' loaded TargetPlatform 'Android_ATCClient'
[2020.02.14-13.26.56:506][  0]LogTemp: Display: Module 'AndroidTargetPlatform' loaded TargetPlatform 'Android_DXTClient'
[2020.02.14-13.26.56:506][  0]LogTemp: Display: Module 'AndroidTargetPlatform' loaded TargetPlatform 'Android_ETC1Client'
[2020.02.14-13.26.56:506][  0]LogTemp: Display: Module 'AndroidTargetPlatform' loaded TargetPlatform 'Android_ETC1aClient'
[2020.02.14-13.26.56:506][  0]LogTemp: Display: Module 'AndroidTargetPlatform' loaded TargetPlatform 'Android_ETC2Client'
[2020.02.14-13.26.56:506][  0]LogTemp: Display: Module 'AndroidTargetPlatform' loaded TargetPlatform 'Android_PVRTCClient'
[2020.02.14-13.26.56:506][  0]LogTemp: Display: Module 'AndroidTargetPlatform' loaded TargetPlatform 'Android_Multi'
[2020.02.14-13.26.56:506][  0]LogTemp: Display: Module 'AndroidTargetPlatform' loaded TargetPlatform 'Android_MultiClient'
[2020.02.14-13.26.56:509][  0]LogTemp: Display: Module 'HTML5TargetPlatform' loaded TargetPlatform 'HTML5'
[2020.02.14-13.26.56:556][  0]LogTemp: Display: Module 'IOSTargetPlatform' loaded TargetPlatform 'IOSClient'
[2020.02.14-13.26.56:556][  0]LogTemp: Display: Module 'IOSTargetPlatform' loaded TargetPlatform 'IOS'
[2020.02.14-13.26.56:577][  0]LogTemp: Display: Module 'TVOSTargetPlatform' loaded TargetPlatform 'TVOSClient'
[2020.02.14-13.26.56:577][  0]LogTemp: Display: Module 'TVOSTargetPlatform' loaded TargetPlatform 'TVOS'
[2020.02.14-13.26.56:588][  0]LogTemp: Display: Module 'LinuxClientTargetPlatform' loaded TargetPlatform 'LinuxClient'
[2020.02.14-13.26.56:599][  0]LogTemp: Display: Module 'LinuxNoEditorTargetPlatform' loaded TargetPlatform 'LinuxNoEditor'
[2020.02.14-13.26.56:618][  0]LogTemp: Display: Module 'LinuxServerTargetPlatform' loaded TargetPlatform 'LinuxServer'
[2020.02.14-13.26.56:631][  0]LogTemp: Display: Module 'LinuxTargetPlatform' loaded TargetPlatform 'Linux'
[2020.02.14-13.26.56:678][  0]LogTemp: Display: Module 'LuminTargetPlatform' loaded TargetPlatform 'Lumin'
[2020.02.14-13.26.56:678][  0]LogTemp: Display: Module 'LuminTargetPlatform' loaded TargetPlatform 'LuminClient'
[2020.02.14-13.26.56:678][  0]LogTargetPlatformManager: Display: Building Assets For Windows
[2020.02.14-13.26.56:691][  0]LogAudioDebug: Display: Lib vorbis DLL was dynamically loaded.
[2020.02.14-13.26.56:762][  0]LogShaderCompilers: Guid format shader working directory is -9 characters bigger than the processId version (../../../../../../project/Unreal Engine/TheTree/TheTree/Intermediate/Shaders/WorkingDirectory/3060/).
[2020.02.14-13.26.56:762][  0]LogShaderCompilers: Cleaned the shader compiler working directory 'C:/Users/owner/AppData/Local/Temp/UnrealShaderWorkingDir/A9D97F424EFC9A877D4C9E93623BB4DF/'.
[2020.02.14-13.26.56:765][  0]LogXGEController: Cannot use XGE Controller as Incredibuild is not installed on this machine.
[2020.02.14-13.26.56:765][  0]LogShaderCompilers: Cannot use XGE Shader Compiler as Incredibuild is not installed on this machine.
[2020.02.14-13.26.56:765][  0]LogShaderCompilers: Display: Using Local Shader Compiler.
[2020.02.14-13.26.57:249][  0]LogDerivedDataCache: Display: Max Cache Size: 512 MB
[2020.02.14-13.26.57:296][  0]LogDerivedDataCache: Loaded boot cache 0.05s 86MB C:/Users/owner/AppData/Local/UnrealEngine/4.22/DerivedDataCache/Boot.ddc.
[2020.02.14-13.26.57:296][  0]LogDerivedDataCache: Display: Loaded Boot cache: C:/Users/owner/AppData/Local/UnrealEngine/4.22/DerivedDataCache/Boot.ddc
[2020.02.14-13.26.57:296][  0]LogDerivedDataCache: FDerivedDataBackendGraph:  Pak pak cache file ../../../../../../project/Unreal Engine/TheTree/TheTree/DerivedDataCache/DDC.ddp not found, will not use a pak cache.
[2020.02.14-13.26.57:296][  0]LogDerivedDataCache: Unable to find inner node Pak for hierarchical cache Hierarchy.
[2020.02.14-13.26.57:296][  0]LogDerivedDataCache: FDerivedDataBackendGraph:  CompressedPak pak cache file ../../../../../../project/Unreal Engine/TheTree/TheTree/DerivedDataCache/Compressed.ddp not found, will not use a pak cache.
[2020.02.14-13.26.57:296][  0]LogDerivedDataCache: Unable to find inner node CompressedPak for hierarchical cache Hierarchy.
[2020.02.14-13.26.57:308][  0]LogDerivedDataCache: Display: Pak cache opened for reading ../../../Engine/DerivedDataCache/Compressed.ddp.
[2020.02.14-13.26.57:311][  0]LogDerivedDataCache: Display: Pak cache opened for reading ../../../Enterprise/DerivedDataCache/Compressed.ddp.
[2020.02.14-13.26.57:323][  0]LogDerivedDataCache: Using Local data cache path C:/Users/owner/AppData/Local/UnrealEngine/Common/DerivedDataCache: Writable
[2020.02.14-13.26.57:323][  0]LogDerivedDataCache: Shared data cache path not found in *engine.ini, will not use an Shared cache.
[2020.02.14-13.26.57:323][  0]LogDerivedDataCache: Unable to find inner node Shared for hierarchical cache Hierarchy.
[2020.02.14-13.26.57:341][  0]LogMaterial: Verifying Global Shaders for PCD3D_SM5
[2020.02.14-13.26.57:342][  0]LogSlate: Using FreeType 2.6.0
[2020.02.14-13.26.57:343][  0]LogSlate: SlateFontServices - WITH_FREETYPE: 1, WITH_HARFBUZZ: 1
[2020.02.14-13.26.57:417][  0]LogAssetRegistry: FAssetRegistry took 0.0324 seconds to start up
[2020.02.14-13.26.57:728][  0]LogInit: Selected Device Profile: [Windows]
[2020.02.14-13.26.57:855][  0]LogMeshReduction: Using QuadricMeshReduction for automatic static mesh reduction
[2020.02.14-13.26.57:856][  0]LogMeshReduction: Using SimplygonMeshReduction for automatic skeletal mesh reduction
[2020.02.14-13.26.57:856][  0]LogMeshReduction: Using ProxyLODMeshReduction for automatic mesh merging
[2020.02.14-13.26.57:856][  0]LogMeshReduction: No distributed automatic mesh merging module available
[2020.02.14-13.26.57:856][  0]LogMeshMerging: No distributed automatic mesh merging module available
[2020.02.14-13.26.57:865][  0]LogNetVersion: TheTree 1.0.0, NetCL: 5660361, EngineNetVer: 10, GameNetVer: 0 (Checksum: 4150268580)
[2020.02.14-13.26.58:214][  0]LogPackageLocalizationCache: Processed 16 localized package path(s) for 1 prioritized culture(s) in 0.040771 seconds
[2020.02.14-13.26.58:221][  0]LogUObjectArray: 42205 objects as part of root set at end of initial load.
[2020.02.14-13.26.58:221][  0]LogUObjectAllocator: 7325032 out of 0 bytes used by permanent object pool.
[2020.02.14-13.26.58:221][  0]LogUObjectArray: CloseDisregardForGC: 0/0 objects in disregard for GC pool
[2020.02.14-13.26.58:965][  0]LogTcpMessaging: Initializing TcpMessaging bridge
[2020.02.14-13.26.58:977][  0]LogUdpMessaging: Initializing bridge on interface 0.0.0.0:0 to multicast group 230.0.0.1:6666.
[2020.02.14-13.26.59:073][  0]SourceControl: Source control is disabled
[2020.02.14-13.26.59:073][  0]SourceControl: Source control is disabled
[2020.02.14-13.26.59:074][  0]SourceControl: Source control is disabled
[2020.02.14-13.26.59:075][  0]SourceControl: Source control is disabled
[2020.02.14-13.26.59:206][  0]LogAndroidPermission: UAndroidPermissionCallbackProxy::GetInstance
[2020.02.14-13.26.59:243][  0]LogOcInput: OculusInput pre-init called
[2020.02.14-13.27.01:097][  0]LogWindows: Failed to load 'libalias_api.dll' (GetLastError=126)
[2020.02.14-13.27.01:097][  0]LogWindows: File 'libalias_api.dll' does not exist
[2020.02.14-13.27.01:099][  0]LogWindows: Failed to load 'libalias_api.dll' (GetLastError=126)
[2020.02.14-13.27.01:099][  0]LogWindows: File 'libalias_api.dll' does not exist
[2020.02.14-13.27.01:232][  0]LogEngine: Initializing Engine...
[2020.02.14-13.27.01:232][  0]LogHMD: Failed to initialize OpenVR with code 110
[2020.02.14-13.27.01:233][  0]LogStats: UGameplayTagsManager::InitializeManager -  0.000 s
[2020.02.14-13.27.01:420][  0]LogInit: Initializing FReadOnlyCVARCache
[2020.02.14-13.27.01:436][  0]LogAIModule: Creating AISystem for world Untitled
[2020.02.14-13.27.01:443][  0]LogInit: XAudio2 using '스피커(Realtek(R) Audio)' : 2 channels at 48 kHz using 32 bits per sample (channel mask 0x3)
[2020.02.14-13.27.01:452][  0]LogInit: FAudioDevice initialized.
[2020.02.14-13.27.01:452][  0]LogNetVersion: Set ProjectVersion to 1.0.0.0. Version Checksum will be recalculated on next use.
[2020.02.14-13.27.01:536][  0]LogDerivedDataCache: Saved boot cache 0.08s 86MB C:/Users/owner/AppData/Local/UnrealEngine/4.22/DerivedDataCache/Boot.ddc.
[2020.02.14-13.27.01:541][  0]LogInit: Texture streaming: Enabled
[2020.02.14-13.27.01:561][  0]LogEngineSessionManager: EngineSessionManager initialized
[2020.02.14-13.27.01:582][  0]LogInit: Transaction tracking system initialized
[2020.02.14-13.27.01:611][  0]BlueprintLog: New page: Editor Load
[2020.02.14-13.27.01:698][  0]LocalizationService: Localization service is disabled
[2020.02.14-13.27.01:981][  0]LogFileCache: Scanning file cache for directory 'C:/project/Unreal Engine/TheTree/TheTree/Content/' took 0.01s
[2020.02.14-13.27.01:981][  0]LogCook: Display: Max memory allowance for cook 16384mb min free memory 0mb
[2020.02.14-13.27.01:981][  0]LogCook: Display: Mobile HDR setting 1
[2020.02.14-13.27.03:095][  0]SourceControl: Source control is disabled
[2020.02.14-13.27.03:095][  0]Cmd: MAP LOAD FILE="../../../Engine/Content/Maps/Templates/Template_Default.umap" TEMPLATE=1 SHOWPROGRESS=1 FEATURELEVEL=3
[2020.02.14-13.27.03:095][  0]LightingResults: New page: Lighting Build
[2020.02.14-13.27.03:098][  0]MapCheck: New page: Map Check
[2020.02.14-13.27.03:098][  0]LightingResults: New page: Lighting Build
[2020.02.14-13.27.03:125][  0]LogUObjectHash: Compacting FUObjectHashTables data took   1.40ms
[2020.02.14-13.27.03:196][  0]LogAIModule: Creating AISystem for world Untitled_1
[2020.02.14-13.27.03:200][  0]LogEditorServer: Finished looking for orphan Actors (0.000 secs)
[2020.02.14-13.27.03:226][  0]LogUObjectHash: Compacting FUObjectHashTables data took   1.79ms
[2020.02.14-13.27.03:226][  0]Cmd: MAP CHECKDEP NOCLEARLOG
[2020.02.14-13.27.03:227][  0]MapCheck: Map check complete: 0 Error(s), 0 Warning(s), took 0.156ms to complete.
[2020.02.14-13.27.03:227][  0]LogFileHelpers: Loading map 'Template_Default' took 0.132
[2020.02.14-13.27.03:322][  0]LogSlate: Updating window title bar state: overlay mode, drag disabled, window buttons hidden, title bar hidden
[2020.02.14-13.27.03:328][  0]LogSlate: Updating window title bar state: overlay mode, drag disabled, window buttons hidden, title bar hidden
[2020.02.14-13.27.03:334][  0]LogSlate: Updating window title bar state: overlay mode, drag disabled, window buttons hidden, title bar hidden
[2020.02.14-13.27.03:341][  0]LogSlate: Updating window title bar state: overlay mode, drag disabled, window buttons hidden, title bar hidden
[2020.02.14-13.27.03:348][  0]LogCollectionManager: Loaded 0 collections in 0.002154 seconds
[2020.02.14-13.27.03:364][  0]LogFileCache: Scanning file cache for directory 'C:/project/Unreal Engine/TheTree/TheTree/Saved/Collections/' took 0.01s
[2020.02.14-13.27.03:364][  0]LogFileCache: Scanning file cache for directory 'C:/project/Unreal Engine/TheTree/TheTree/Content/Developers/owner/Collections/' took 0.00s
[2020.02.14-13.27.03:364][  0]LogFileCache: Scanning file cache for directory 'C:/project/Unreal Engine/TheTree/TheTree/Content/Collections/' took 0.00s
[2020.02.14-13.27.03:364][  0]LogCollectionManager: Rebuilt the GUID cache for 0 collections in 0.000000 seconds
[2020.02.14-13.27.03:373][  0]LogContentBrowser: Native class hierarchy populated in 0.0083 seconds. Added 2864 classes and 726 folders.
[2020.02.14-13.27.03:380][  0]LogContentBrowser: Native class hierarchy updated for 'WidgetCarousel' in 0.0006 seconds. Added 0 classes and 0 folders.
[2020.02.14-13.27.03:381][  0]LogPakFile: Registered encryption key '00000000000000000000000000000000': 0 pak files mounted, 0 remain pending
[2020.02.14-13.27.03:382][  0]LogPakFile: Registered encryption key '00000000000000000000000000000000': 0 pak files mounted, 0 remain pending
[2020.02.14-13.27.03:382][  0]LogPakFile: Registered encryption key '00000000000000000000000000000000': 0 pak files mounted, 0 remain pending
[2020.02.14-13.27.03:383][  0]LogPakFile: Registered encryption key '00000000000000000000000000000000': 0 pak files mounted, 0 remain pending
[2020.02.14-13.27.03:383][  0]LogPakFile: Registered encryption key '00000000000000000000000000000000': 0 pak files mounted, 0 remain pending
[2020.02.14-13.27.03:383][  0]LogPakFile: Registered encryption key '00000000000000000000000000000000': 0 pak files mounted, 0 remain pending
[2020.02.14-13.27.03:384][  0]LogPakFile: Registered encryption key '00000000000000000000000000000000': 0 pak files mounted, 0 remain pending
[2020.02.14-13.27.03:384][  0]LogPakFile: Registered encryption key '00000000000000000000000000000000': 0 pak files mounted, 0 remain pending
[2020.02.14-13.27.03:384][  0]LogPakFile: Registered encryption key '00000000000000000000000000000000': 0 pak files mounted, 0 remain pending
[2020.02.14-13.27.03:385][  0]LogPakFile: Registered encryption key '00000000000000000000000000000000': 0 pak files mounted, 0 remain pending
[2020.02.14-13.27.03:385][  0]LogPakFile: Registered encryption key '00000000000000000000000000000000': 0 pak files mounted, 0 remain pending
[2020.02.14-13.27.03:385][  0]LogPakFile: Registered encryption key '00000000000000000000000000000000': 0 pak files mounted, 0 remain pending
[2020.02.14-13.27.03:386][  0]LogPakFile: Registered encryption key '00000000000000000000000000000000': 0 pak files mounted, 0 remain pending
[2020.02.14-13.27.03:386][  0]LogPakFile: Registered encryption key '00000000000000000000000000000000': 0 pak files mounted, 0 remain pending
[2020.02.14-13.27.03:386][  0]LogPakFile: Registered encryption key '00000000000000000000000000000000': 0 pak files mounted, 0 remain pending
[2020.02.14-13.27.03:387][  0]LogPakFile: Registered encryption key '00000000000000000000000000000000': 0 pak files mounted, 0 remain pending
[2020.02.14-13.27.03:387][  0]LogPakFile: Registered encryption key '00000000000000000000000000000000': 0 pak files mounted, 0 remain pending
[2020.02.14-13.27.03:387][  0]LogPakFile: Registered encryption key '00000000000000000000000000000000': 0 pak files mounted, 0 remain pending
[2020.02.14-13.27.03:387][  0]LogPakFile: Registered encryption key '00000000000000000000000000000000': 0 pak files mounted, 0 remain pending
[2020.02.14-13.27.03:388][  0]LogPakFile: Registered encryption key '00000000000000000000000000000000': 0 pak files mounted, 0 remain pending
[2020.02.14-13.27.03:388][  0]LogPakFile: Registered encryption key '00000000000000000000000000000000': 0 pak files mounted, 0 remain pending
[2020.02.14-13.27.03:388][  0]LogPakFile: Registered encryption key '00000000000000000000000000000000': 0 pak files mounted, 0 remain pending
[2020.02.14-13.27.03:389][  0]LogPakFile: Registered encryption key '00000000000000000000000000000000': 0 pak files mounted, 0 remain pending
[2020.02.14-13.27.03:389][  0]LogPakFile: Registered encryption key '00000000000000000000000000000000': 0 pak files mounted, 0 remain pending
[2020.02.14-13.27.03:389][  0]LogPakFile: Registered encryption key '00000000000000000000000000000000': 0 pak files mounted, 0 remain pending
[2020.02.14-13.27.03:390][  0]LogPakFile: Registered encryption key '00000000000000000000000000000000': 0 pak files mounted, 0 remain pending
[2020.02.14-13.27.03:390][  0]LogPakFile: Registered encryption key '00000000000000000000000000000000': 0 pak files mounted, 0 remain pending
[2020.02.14-13.27.03:390][  0]LogPakFile: Registered encryption key '00000000000000000000000000000000': 0 pak files mounted, 0 remain pending
[2020.02.14-13.27.03:414][  0]LogContentBrowser: Native class hierarchy updated for 'AddContentDialog' in 0.0007 seconds. Added 0 classes and 0 folders.
[2020.02.14-13.27.03:419][  0]LogContentBrowser: Native class hierarchy updated for 'SceneOutliner' in 0.0007 seconds. Added 1 classes and 0 folders.
[2020.02.14-13.27.03:469][  0]LogSlate: Took 0.000119 seconds to synchronously load lazily loaded font '../../../Engine/Content/Slate/Fonts/Roboto-Regular.ttf' (155K)
[2020.02.14-13.27.03:472][  0]LogSlate: Took 0.000109 seconds to synchronously load lazily loaded font '../../../Engine/Content/Slate/Fonts/Roboto-Bold.ttf' (160K)
[2020.02.14-13.27.03:474][  0]LogSlate: Took 0.000075 seconds to synchronously load lazily loaded font '../../../Engine/Content/Editor/Slate/Fonts/FontAwesome.ttf' (139K)
[2020.02.14-13.27.03:519][  0]LogRenderer: Reallocating scene render targets to support 1128x448 Format 10 NumSamples 1 (Frame:1).
[2020.02.14-13.27.03:653][  0]LogContentBrowser: Native class hierarchy updated for 'HierarchicalLODOutliner' in 0.0010 seconds. Added 0 classes and 0 folders.
[2020.02.14-13.27.03:653][  0]LogLoad: (Engine Initialization) Total time: 9.67 seconds
[2020.02.14-13.27.03:653][  0]LogLoad: (Engine Initialization) Total Blueprint compile time: 0.00 seconds
[2020.02.14-13.27.03:703][  0]LogAssetRegistry: Asset discovery search completed in 6.3085 seconds
[2020.02.14-13.27.03:706][  0]LogCollectionManager: Rebuilt the object cache for 0 collections in 0.000000 seconds (found 0 objects)
[2020.02.14-13.27.03:706][  0]LogCollectionManager: Fixed up redirectors for 0 collections in 0.000097 seconds (updated 0 objects)
[2020.02.14-13.27.03:708][  0]LogContentStreaming: Texture pool size now 1000 MB
[2020.02.14-13.27.03:731][  0]LogSlate: Took 0.000077 seconds to synchronously load lazily loaded font '../../../Engine/Content/Slate/Fonts/Roboto-Light.ttf' (167K)
[2020.02.14-13.27.11:733][382]LogEditorViewport: Clicking on Actor (LMB): SphereReflectionCapture (SphereReflectionCapture)
[2020.02.14-13.27.18:099][762]LogSlate: FSceneViewport::OnFocusLost() reason 0
[2020.02.14-13.27.18:247][771]LogSlate: Took 0.000095 seconds to synchronously load lazily loaded font '../../../Engine/Content/Slate/Fonts/Roboto-Light.ttf' (167K)
[2020.02.14-13.27.18:273][771]LogAIModule: Creating AISystem for world TEST
[2020.02.14-13.27.18:280][771]LogAssetEditorManager: Opening Asset editor for World /Game/TEST.TEST
[2020.02.14-13.27.18:307][771]LogUObjectHash: Compacting FUObjectHashTables data took   1.14ms
[2020.02.14-13.27.18:308][771]Cmd: MAP LOAD FILE="../../../../../../project/Unreal Engine/TheTree/TheTree/Content/TEST.umap" TEMPLATE=0 SHOWPROGRESS=1 FEATURELEVEL=3
[2020.02.14-13.27.18:308][771]LightingResults: New page: Lighting Build
[2020.02.14-13.27.18:308][771]LoadErrors: New page: Loading map: TEST.umap
[2020.02.14-13.27.18:309][771]MapCheck: New page: Map Check
[2020.02.14-13.27.18:309][771]LightingResults: New page: Lighting Build
[2020.02.14-13.27.18:336][771]LogUObjectHash: Compacting FUObjectHashTables data took   1.54ms
[2020.02.14-13.27.18:377][771]LogEditorServer: Finished looking for orphan Actors (0.000 secs)
[2020.02.14-13.27.18:405][771]LogUObjectHash: Compacting FUObjectHashTables data took   1.27ms
[2020.02.14-13.27.18:415][771]Cmd: MAP CHECKDEP NOCLEARLOG
[2020.02.14-13.27.18:415][771]MapCheck: Map check complete: 0 Error(s), 0 Warning(s), took 0.092ms to complete.
[2020.02.14-13.27.18:415][771]LogFileHelpers: Loading map 'TEST' took 0.108
[2020.02.14-13.27.21:241][932]LogSlate: FSceneViewport::OnFocusLost() reason 2
[2020.02.14-13.27.21:724][961]LogSlate: FSceneViewport::OnFocusLost() reason 2
[2020.02.14-13.27.21:791][965]LogSlate: FSceneViewport::OnFocusLost() reason 2
[2020.02.14-13.27.22:090][983]LogSlate: FSceneViewport::OnFocusLost() reason 2
[2020.02.14-13.27.23:471][ 66]LogSlate: FSceneViewport::OnFocusLost() reason 2
[2020.02.14-13.27.24:717][ 66]LogSlate: Only BGRA pngs, bmps or icos are supported in by External Image Picker
[2020.02.14-13.27.32:280][507]LogSlate: Window 'Project Settings' being destroyed
[2020.02.14-13.27.32:284][507]LogSlate: Window 'Project Settings' being destroyed
[2020.02.14-13.27.33:512][579]LogSlate: FSceneViewport::OnFocusLost() reason 2
[2020.02.14-13.27.33:526][579]Cmd: OBJ SAVEPACKAGE PACKAGE="/Game/TEST" FILE="../../../../../../project/Unreal Engine/TheTree/TheTree/Content/TEST.umap" SILENT=true AUTOSAVING=false KEEPDIRTY=false
[2020.02.14-13.27.33:551][579]LogUObjectHash: Compacting FUObjectHashTables data took   0.57ms
[2020.02.14-13.27.33:635][579]LogSavePackage: Moving '../../../../../../project/Unreal Engine/TheTree/TheTree/Saved/TEST44BBB46C471E1F99DB5C53B374944C44.tmp' to '../../../../../../project/Unreal Engine/TheTree/TheTree/Content/TEST.umap'
[2020.02.14-13.27.33:649][579]Cmd: OBJ SAVEPACKAGE PACKAGE="/Game/TEST_BuiltData" FILE="../../../../../../project/Unreal Engine/TheTree/TheTree/Content/TEST_BuiltData.uasset" SILENT=true
[2020.02.14-13.27.33:652][579]LogSavePackage: Moving '../../../../../../project/Unreal Engine/TheTree/TheTree/Saved/TEST_BuiltData6A09130C4803D0AD6659B193B319418D.tmp' to '../../../../../../project/Unreal Engine/TheTree/TheTree/Content/TEST_BuiltData.uasset'
[2020.02.14-13.27.35:419][685]LogSlate: FSceneViewport::OnFocusLost() reason 0
[2020.02.14-13.27.42:787][126]Cmd: BRUSH ADD SELECTNEWBRUSH
[2020.02.14-13.27.44:976][254]LogSlate: FSceneViewport::OnFocusLost() reason 0
[2020.02.14-13.27.57:184][986]LogSlate: FSceneViewport::OnFocusLost() reason 0
[2020.02.14-13.28.03:075][339]LogEditorViewport: Clicking on Actor (LMB): BP_Sky_Sphere_C (Sky Sphere)
[2020.02.14-13.28.04:660][419]LogEditorViewport: Clicking on Actor (LMB): BP_Sky_Sphere_C (Sky Sphere)
[2020.02.14-13.28.05:703][479]LogEditorViewport: Clicking on Actor (LMB): BP_Sky_Sphere_C (Sky Sphere)
[2020.02.14-13.28.08:141][624]LogEditorViewport: Clicking on Actor (LMB): PlayerStart (Player Start)
[2020.02.14-13.28.34:265][515]LogSlate: FSceneViewport::OnFocusLost() reason 2
[2020.02.14-13.28.34:278][515]Cmd: OBJ SAVEPACKAGE PACKAGE="/Game/TEST" FILE="../../../../../../project/Unreal Engine/TheTree/TheTree/Content/TEST.umap" SILENT=true AUTOSAVING=false KEEPDIRTY=false
[2020.02.14-13.28.34:306][515]LogUObjectHash: Compacting FUObjectHashTables data took   1.75ms
[2020.02.14-13.28.34:406][515]LogSavePackage: Moving '../../../../../../project/Unreal Engine/TheTree/TheTree/Saved/TEST2D61CCA04185229BE8B84E949B52C21C.tmp' to '../../../../../../project/Unreal Engine/TheTree/TheTree/Content/TEST.umap'
[2020.02.14-13.28.34:421][515]Cmd: OBJ SAVEPACKAGE PACKAGE="/Game/TEST_BuiltData" FILE="../../../../../../project/Unreal Engine/TheTree/TheTree/Content/TEST_BuiltData.uasset" SILENT=true
[2020.02.14-13.28.34:423][515]LogSavePackage: Moving '../../../../../../project/Unreal Engine/TheTree/TheTree/Saved/TEST_BuiltData13C824AF455313C5F1A20D9FDF5D4063.tmp' to '../../../../../../project/Unreal Engine/TheTree/TheTree/Content/TEST_BuiltData.uasset'
[2020.02.14-13.28.36:266][618]LogSlate: FSceneViewport::OnFocusLost() reason 0
[2020.02.14-13.28.36:651][641]LogSlate: Took 0.000100 seconds to synchronously load lazily loaded font '../../../Engine/Content/Slate/Fonts/DroidSansMono.ttf' (77K)
[2020.02.14-13.28.36:682][641]LogSlate: Took 0.001201 seconds to synchronously load lazily loaded font '../../../Engine/Content/Slate/Fonts/DroidSansFallback.ttf' (3848K)
[2020.02.14-13.28.57:681][984]LogEditorViewport: Clicking on Actor (LMB): BP_Sky_Sphere_C (Sky Sphere)
[2020.02.14-13.29.18:647][240]LogSlate: FSceneViewport::OnFocusLost() reason 2
[2020.02.14-13.29.18:660][240]Cmd: OBJ SAVEPACKAGE PACKAGE="/Game/TEST" FILE="../../../../../../project/Unreal Engine/TheTree/TheTree/Content/TEST.umap" SILENT=true AUTOSAVING=false KEEPDIRTY=false
[2020.02.14-13.29.18:687][240]LogUObjectHash: Compacting FUObjectHashTables data took   1.45ms
[2020.02.14-13.29.18:773][240]LogSavePackage: Moving '../../../../../../project/Unreal Engine/TheTree/TheTree/Saved/TEST7D80A8CA4729A8C11859B6806829F81A.tmp' to '../../../../../../project/Unreal Engine/TheTree/TheTree/Content/TEST.umap'
[2020.02.14-13.29.18:789][240]Cmd: OBJ SAVEPACKAGE PACKAGE="/Game/TEST_BuiltData" FILE="../../../../../../project/Unreal Engine/TheTree/TheTree/Content/TEST_BuiltData.uasset" SILENT=true
[2020.02.14-13.29.18:791][240]LogSavePackage: Moving '../../../../../../project/Unreal Engine/TheTree/TheTree/Saved/TEST_BuiltDataE18418D840A3DFF029FFE2B484772773.tmp' to '../../../../../../project/Unreal Engine/TheTree/TheTree/Content/TEST_BuiltData.uasset'
[2020.02.14-13.29.19:578][278]LogSlate: FSceneViewport::OnFocusLost() reason 2
[2020.02.14-13.29.19:590][278]Cmd: OBJ SAVEPACKAGE PACKAGE="/Game/TEST" FILE="../../../../../../project/Unreal Engine/TheTree/TheTree/Content/TEST.umap" SILENT=true AUTOSAVING=false KEEPDIRTY=false
[2020.02.14-13.29.19:616][278]LogUObjectHash: Compacting FUObjectHashTables data took   1.40ms
[2020.02.14-13.29.19:694][278]LogSavePackage: Moving '../../../../../../project/Unreal Engine/TheTree/TheTree/Saved/TESTCC02CD534B8CC6F45AD261964425926A.tmp' to '../../../../../../project/Unreal Engine/TheTree/TheTree/Content/TEST.umap'
[2020.02.14-13.29.19:712][278]Cmd: OBJ SAVEPACKAGE PACKAGE="/Game/TEST_BuiltData" FILE="../../../../../../project/Unreal Engine/TheTree/TheTree/Content/TEST_BuiltData.uasset" SILENT=true
[2020.02.14-13.29.19:714][278]LogSavePackage: Moving '../../../../../../project/Unreal Engine/TheTree/TheTree/Saved/TEST_BuiltDataD7231A10432DE9093FE1EB9BD04F0A0C.tmp' to '../../../../../../project/Unreal Engine/TheTree/TheTree/Content/TEST_BuiltData.uasset'
[2020.02.14-13.29.20:482][319]LogSlate: FSceneViewport::OnFocusLost() reason 0
